#
# There is insufficient memory for the Java Runtime Environment to continue.
# Native memory allocation (malloc) failed to allocate 1048576 bytes for AllocateHeap
# Possible reasons:
#   The system is out of physical RAM or swap space
#   In 32 bit mode, the process size limit was hit
# Possible solutions:
#   Reduce memory load on the system
#   Increase physical memory or swap space
#   Check if swap backing store is full
#   Use 64 bit Java on a 64 bit OS
#   Decrease Java heap size (-Xmx/-Xms)
#   Decrease number of Java threads
#   Decrease Java thread stack sizes (-Xss)
#   Set larger code cache with -XX:ReservedCodeCacheSize=
# This output file may be truncated or incomplete.
#
#  Out of Memory Error (memory/allocation.inline.hpp:61), pid=11388, tid=0x000000000000280c
#
# JRE version:  (8.0_111-b14) (build )
# Java VM: Java HotSpot(TM) 64-Bit Server VM (25.111-b14 mixed mode windows-amd64 compressed oops)
# Failed to write core dump. Minidumps are not enabled by default on client versions of Windows
#

---------------  T H R E A D  ---------------

Current thread (0x0000000002b90800):  JavaThread "Unknown thread" [_thread_in_vm, id=10252, stack(0x00000000012a0000,0x00000000013a0000)]

Stack: [0x00000000012a0000,0x00000000013a0000]
[error occurred during error reporting (printing stack bounds), id 0xc0000005]

Native frames: (J=compiled Java code, j=interpreted, Vv=VM code, C=native code)


---------------  P R O C E S S  ---------------

Java Threads: ( => current thread )

Other Threads:

=>0x0000000002b90800 (exited) JavaThread "Unknown thread" [_thread_in_vm, id=10252, stack(0x00000000012a0000,0x00000000013a0000)]

VM state:not at safepoint (normal execution)

VM Mutex/Monitor currently owned by a thread: None

Heap:
 PSYoungGen      total 38400K, used 665K [0x00000000d5c00000, 0x00000000d8680000, 0x0000000100000000)
  eden space 33280K, 2% used [0x00000000d5c00000,0x00000000d5ca6670,0x00000000d7c80000)
  from space 5120K, 0% used [0x00000000d8180000,0x00000000d8180000,0x00000000d8680000)
  to   space 5120K, 0% used [0x00000000d7c80000,0x00000000d7c80000,0x00000000d8180000)
 ParOldGen       total 87552K, used 0K [0x0000000081400000, 0x0000000086980000, 0x00000000d5c00000)
  object space 87552K, 0% used [0x0000000081400000,0x0000000081400000,0x0000000086980000)
 Metaspace       used 770K, capacity 4480K, committed 4480K, reserved 1056768K
  class space    used 75K, capacity 384K, committed 384K, reserved 1048576K

Card table byte_map: [0x0000000012110000,0x0000000012510000] byte_map_base: 0x0000000011d06000

Marking Bits: (ParMarkBitMap*) 0x000000007009a6c0
 Begin Bits: [0x0000000012fc0000, 0x0000000014f70000)
 End Bits:   [0x0000000014f70000, 0x0000000016f20000)

Polling page: 0x0000000000e70000

CodeCache: size=245760Kb used=328Kb max_used=328Kb free=245431Kb
 bounds [0x0000000002d50000, 0x0000000002fc0000, 0x0000000011d50000]
 total_blobs=58 nmethods=0 adapters=38
 compilation: enabled

Compilation events (0 events):
No events

GC Heap History (0 events):
No events

Deoptimization events (0 events):
No events

Internal exceptions (0 events):
No events

Events (10 events):
Event: 0.019 loading class java/lang/Short
Event: 0.019 loading class java/lang/Short done
Event: 0.019 loading class java/lang/Integer
Event: 0.019 loading class java/lang/Integer done
Event: 0.019 loading class java/lang/Long
Event: 0.019 loading class java/lang/Long done
Event: 0.019 loading class java/lang/NullPointerException
Event: 0.019 loading class java/lang/NullPointerException done
Event: 0.019 loading class java/lang/ArithmeticException
Event: 0.019 loading class java/lang/ArithmeticException done


Dynamic libraries:
0x00007ff74a7a0000 - 0x00007ff74a7d7000 	C:\Program Files\Java\jdk1.8.0_111\bin\java.exe
0x00007ffb95dd0000 - 0x00007ffb95fbd000 	C:\windows\SYSTEM32\ntdll.dll
0x00007ffb93780000 - 0x00007ffb93833000 	C:\windows\System32\KERNEL32.DLL
0x00007ffb92d50000 - 0x00007ffb92fe5000 	C:\windows\System32\KERNELBASE.dll
0x00007ffb95420000 - 0x00007ffb954c3000 	C:\windows\System32\ADVAPI32.dll
0x00007ffb95a50000 - 0x00007ffb95aee000 	C:\windows\System32\msvcrt.dll
0x00007ffb95d00000 - 0x00007ffb95d9e000 	C:\windows\System32\sechost.dll
0x00007ffb95270000 - 0x00007ffb95392000 	C:\windows\System32\RPCRT4.dll
0x00007ffb93570000 - 0x00007ffb93707000 	C:\windows\System32\USER32.dll
0x00007ffb92260000 - 0x00007ffb92280000 	C:\windows\System32\win32u.dll
0x00007ffb95870000 - 0x00007ffb95899000 	C:\windows\System32\GDI32.dll
0x00007ffb920c0000 - 0x00007ffb9225a000 	C:\windows\System32\gdi32full.dll
0x00007ffb92cb0000 - 0x00007ffb92d50000 	C:\windows\System32\msvcp_win.dll
0x00007ffb91fc0000 - 0x00007ffb920ba000 	C:\windows\System32\ucrtbase.dll
0x00007ffb7a340000 - 0x00007ffb7a5b9000 	C:\windows\WinSxS\amd64_microsoft.windows.common-controls_6595b64144ccf1df_6.0.17763.1282_none_de75b6f253473c0f\COMCTL32.dll
0x00007ffb94f40000 - 0x00007ffb9526c000 	C:\windows\System32\combase.dll
0x00007ffb929d0000 - 0x00007ffb92a4e000 	C:\windows\System32\bcryptPrimitives.dll
0x00007ffb92ff0000 - 0x00007ffb9301e000 	C:\windows\System32\IMM32.DLL
0x000000006f7a0000 - 0x000000006f872000 	C:\Program Files\Java\jdk1.8.0_111\jre\bin\msvcr100.dll
0x000000006f880000 - 0x000000007011a000 	C:\Program Files\Java\jdk1.8.0_111\jre\bin\server\jvm.dll
0x00007ffb93840000 - 0x00007ffb93848000 	C:\windows\System32\PSAPI.DLL
0x00007ffb5ef30000 - 0x00007ffb5ef39000 	C:\windows\SYSTEM32\WSOCK32.dll
0x00007ffb7e340000 - 0x00007ffb7e34a000 	C:\windows\SYSTEM32\VERSION.dll
0x00007ffb8c580000 - 0x00007ffb8c5a4000 	C:\windows\SYSTEM32\WINMM.dll
0x00007ffb954d0000 - 0x00007ffb9553d000 	C:\windows\System32\WS2_32.dll
0x00007ffb8c440000 - 0x00007ffb8c46d000 	C:\windows\SYSTEM32\winmmbase.dll
0x00007ffb91e90000 - 0x00007ffb91eda000 	C:\windows\System32\cfgmgr32.dll
0x0000000070af0000 - 0x0000000070aff000 	C:\Program Files\Java\jdk1.8.0_111\jre\bin\verify.dll
0x00000000709e0000 - 0x0000000070a09000 	C:\Program Files\Java\jdk1.8.0_111\jre\bin\java.dll
0x00000000709c0000 - 0x00000000709d6000 	C:\Program Files\Java\jdk1.8.0_111\jre\bin\zip.dll

VM Arguments:
jvm_args: -Dfile.encoding=UTF-8 
java_command: visao.Cliente
java_class_path (initial): C:\Users\gelat\Desktop\postgresql-42.2.12_1.jar;C:\Users\gelat\Desktop\bike\bike\build\classes
Launcher Type: SUN_STANDARD

Environment Variables:
PATH=C:\Program Files (x86)\Common Files\Oracle\Java\javapath;C:\Program Files (x86)\Intel\Intel(R) Management Engine Components\iCLS\;C:\Program Files\Intel\Intel(R) Management Engine Components\iCLS\;C:\windows\system32;C:\windows;C:\windows\System32\Wbem;C:\windows\System32\WindowsPowerShell\v1.0\;C:\windows\System32\OpenSSH\;C:\Program Files (x86)\Intel\Intel(R) Management Engine Components\DAL;C:\Program Files\Intel\Intel(R) Management Engine Components\DAL;C:\Program Files\Git\cmd;C:\Program Files\nodejs\;C:\Program Files\Microsoft SQL Server\Client SDK\ODBC\130\Tools\Binn\;C:\Program Files (x86)\Microsoft SQL Server\140\Tools\Binn\;C:\Program Files\Microsoft SQL Server\140\Tools\Binn\;C:\Program Files\Microsoft SQL Server\140\DTS\Binn\;C:\Program Files (x86)\Microsoft SQL Server\150\DTS\Binn\;C:\Users\gelat\AppData\Local\Microsoft\WindowsApps;;C:\Users\gelat\AppData\Local\Programs\Microsoft VS Code\bin;C:\Users\gelat\AppData\Roaming\npm
USERNAME=gelat
OS=Windows_NT
PROCESSOR_IDENTIFIER=Intel64 Family 6 Model 142 Stepping 10, GenuineIntel



---------------  S Y S T E M  ---------------

OS: Windows 10.0 , 64 bit Build 17763 (10.0.17763.1158)

CPU:total 8 (4 cores per cpu, 2 threads per core) family 6 model 142 stepping 10, cmov, cx8, fxsr, mmx, sse, sse2, sse3, ssse3, sse4.1, sse4.2, popcnt, avx, avx2, aes, clmul, erms, 3dnowpref, lzcnt, ht, tsc, tscinvbit, bmi1, bmi2, adx

Memory: 4k page, physical 8301176k(1299760k free), swap 8301176k(5300k free)

vm_info: Java HotSpot(TM) 64-Bit Server VM (25.111-b14) for windows-amd64 JRE (1.8.0_111-b14), built on Sep 22 2016 19:24:05 by "java_re" with MS VC++ 10.0 (VS2010)

time: Wed Jun 24 22:10:52 2020
elapsed time: 0 seconds (0d 0h 0m 0s)

