#
# There is insufficient memory for the Java Runtime Environment to continue.
# Native memory allocation (malloc) failed to allocate 276016 bytes for Chunk::new
# Possible reasons:
#   The system is out of physical RAM or swap space
#   In 32 bit mode, the process size limit was hit
# Possible solutions:
#   Reduce memory load on the system
#   Increase physical memory or swap space
#   Check if swap backing store is full
#   Use 64 bit Java on a 64 bit OS
#   Decrease Java heap size (-Xmx/-Xms)
#   Decrease number of Java threads
#   Decrease Java thread stack sizes (-Xss)
#   Set larger code cache with -XX:ReservedCodeCacheSize=
# This output file may be truncated or incomplete.
#
#  Out of Memory Error (allocation.cpp:390), pid=728, tid=0x0000000000002f30
#
# JRE version: Java(TM) SE Runtime Environment (8.0_111-b14) (build 1.8.0_111-b14)
# Java VM: Java HotSpot(TM) 64-Bit Server VM (25.111-b14 mixed mode windows-amd64 compressed oops)
# Failed to write core dump. Minidumps are not enabled by default on client versions of Windows
#

---------------  T H R E A D  ---------------

Current thread (0x00000000194cb800):  JavaThread "C2 CompilerThread1" daemon [_thread_in_native, id=12080, stack(0x0000000019dc0000,0x0000000019ec0000)]

Stack: [0x0000000019dc0000,0x0000000019ec0000]
[error occurred during error reporting (printing stack bounds), id 0xc0000005]

Native frames: (J=compiled Java code, j=interpreted, Vv=VM code, C=native code)


Current CompileTask:
C2:   8178  779   !   4       sun.awt.PostEventQueue::flush (168 bytes)


---------------  P R O C E S S  ---------------

Java Threads: ( => current thread )
  0x00000000024e0800 JavaThread "DestroyJavaVM" [_thread_blocked, id=2396, stack(0x00000000023d0000,0x00000000024d0000)]
  0x000000001a503000 JavaThread "AWT-EventQueue-0" [_thread_in_native, id=11716, stack(0x000000001b7b0000,0x000000001b8b0000)]
  0x000000001a4a6000 JavaThread "AWT-Windows" daemon [_thread_in_vm, id=6648, stack(0x000000001ae20000,0x000000001af20000)]
  0x000000001a4a3800 JavaThread "AWT-Shutdown" [_thread_blocked, id=1476, stack(0x000000001ad20000,0x000000001ae20000)]
  0x000000001a4a2800 JavaThread "Java2D Disposer" daemon [_thread_blocked, id=9016, stack(0x000000001ac20000,0x000000001ad20000)]
  0x000000001955e800 JavaThread "Service Thread" daemon [_thread_blocked, id=7440, stack(0x000000001a0c0000,0x000000001a1c0000)]
  0x00000000194d7800 JavaThread "C1 CompilerThread3" daemon [_thread_blocked, id=8316, stack(0x0000000019fc0000,0x000000001a0c0000)]
  0x00000000194d0000 JavaThread "C2 CompilerThread2" daemon [_thread_blocked, id=6808, stack(0x0000000019ec0000,0x0000000019fc0000)]
=>0x00000000194cb800 JavaThread "C2 CompilerThread1" daemon [_thread_in_native, id=12080, stack(0x0000000019dc0000,0x0000000019ec0000)]
  0x00000000194c7800 JavaThread "C2 CompilerThread0" daemon [_thread_blocked, id=4452, stack(0x0000000019cc0000,0x0000000019dc0000)]
  0x00000000194c6000 JavaThread "Attach Listener" daemon [_thread_blocked, id=11160, stack(0x0000000019bc0000,0x0000000019cc0000)]
  0x00000000175ee800 JavaThread "Signal Dispatcher" daemon [_thread_blocked, id=1660, stack(0x0000000019ac0000,0x0000000019bc0000)]
  0x00000000025dd800 JavaThread "Finalizer" daemon [_thread_blocked, id=11684, stack(0x00000000198a0000,0x00000000199a0000)]
  0x00000000025d4800 JavaThread "Reference Handler" daemon [_thread_blocked, id=7240, stack(0x00000000193a0000,0x00000000194a0000)]

Other Threads:
  0x00000000175d8800 VMThread [stack: 0x00000000192a0000,0x00000000193a0000] [id=9904]
  0x000000001958a800 WatcherThread [stack: 0x000000001a320000,0x000000001a420000] [id=10176]

VM state:not at safepoint (normal execution)

VM Mutex/Monitor currently owned by a thread: None

Heap:
 PSYoungGen      total 38400K, used 10643K [0x00000000d5c00000, 0x00000000d8680000, 0x0000000100000000)
  eden space 33280K, 31% used [0x00000000d5c00000,0x00000000d6664f68,0x00000000d7c80000)
  from space 5120K, 0% used [0x00000000d8180000,0x00000000d8180000,0x00000000d8680000)
  to   space 5120K, 0% used [0x00000000d7c80000,0x00000000d7c80000,0x00000000d8180000)
 ParOldGen       total 87552K, used 0K [0x0000000081400000, 0x0000000086980000, 0x00000000d5c00000)
  object space 87552K, 0% used [0x0000000081400000,0x0000000081400000,0x0000000086980000)
 Metaspace       used 12597K, capacity 12850K, committed 13056K, reserved 1060864K
  class space    used 1593K, capacity 1697K, committed 1792K, reserved 1048576K

Card table byte_map: [0x00000000119b0000,0x0000000011db0000] byte_map_base: 0x00000000115a6000

Marking Bits: (ParMarkBitMap*) 0x000000007009a6c0
 Begin Bits: [0x0000000012860000, 0x0000000014810000)
 End Bits:   [0x0000000014810000, 0x00000000167c0000)

Polling page: 0x0000000002360000

CodeCache: size=245760Kb used=3082Kb max_used=3104Kb free=242677Kb
 bounds [0x00000000025f0000, 0x0000000002900000, 0x00000000115f0000]
 total_blobs=1265 nmethods=780 adapters=398
 compilation: enabled

Compilation events (10 events):
Event: 6.630 Thread 0x00000000194d0000 nmethod 776 0x00000000028f01d0 code [0x00000000028f0320, 0x00000000028f0548]
Event: 6.812 Thread 0x00000000194d7800  777       1       java.util.HashMap::afterNodeAccess (1 bytes)
Event: 6.812 Thread 0x00000000194d7800 nmethod 777 0x00000000028ea790 code [0x00000000028ea8e0, 0x00000000028ea9f0]
Event: 8.121 Thread 0x00000000194c7800  778       4       java.awt.EventQueue::eventToCacheIndex (80 bytes)
Event: 8.122 Thread 0x00000000194c7800 nmethod 778 0x00000000028ed750 code [0x00000000028ed8a0, 0x00000000028ed978]
Event: 8.142 Thread 0x00000000194cb800  779   !   4       sun.awt.PostEventQueue::flush (168 bytes)
Event: 8.151 Thread 0x00000000194d0000  780       4       sun.awt.AWTAutoShutdown::notifyToolkitThreadBusy (8 bytes)
Event: 8.151 Thread 0x00000000194c7800  781       4       sun.awt.AWTAutoShutdown::notifyToolkitThreadFree (8 bytes)
Event: 8.153 Thread 0x00000000194c7800 nmethod 781 0x00000000028ef910 code [0x00000000028efa60, 0x00000000028eff18]
Event: 8.153 Thread 0x00000000194d0000 nmethod 780 0x00000000028f2d90 code [0x00000000028f2ee0, 0x00000000028f33b8]

GC Heap History (0 events):
No events

Deoptimization events (4 events):
Event: 0.196 Thread 0x00000000024e0800 Uncommon trap: reason=null_check action=make_not_entrant pc=0x000000000275ae1c method=java.lang.String.equals(Ljava/lang/Object;)Z @ 8
Event: 1.911 Thread 0x000000001a503000 Uncommon trap: reason=unstable_if action=reinterpret pc=0x00000000027dc0b4 method=java.util.HashMap.putVal(ILjava/lang/Object;Ljava/lang/Object;ZZ)Ljava/lang/Object; @ 109
Event: 1.911 Thread 0x000000001a503000 Uncommon trap: reason=unstable_if action=reinterpret pc=0x00000000027c4170 method=java.util.HashMap.putVal(ILjava/lang/Object;Ljava/lang/Object;ZZ)Ljava/lang/Object; @ 109
Event: 1.914 Thread 0x000000001a503000 Uncommon trap: reason=unstable_if action=reinterpret pc=0x0000000002804984 method=java.awt.MultipleGradientPaintContext.indexIntoGradientsArrays(F)I @ 93

Internal exceptions (10 events):
Event: 0.237 Thread 0x00000000024e0800 Exception <a 'java/lang/ClassNotFoundException': ToggleButton> (0x00000000d6010f88) thrown at [C:\re\workspace\8-2-build-windows-amd64-cygwin\jdk8u111\7883\hotspot\src\share\vm\classfile\systemDictionary.cpp, line 210]
Event: 0.237 Thread 0x00000000024e0800 Exception <a 'java/lang/ClassNotFoundException': javax/swing/JToolBarSeparator> (0x00000000d60113e8) thrown at [C:\re\workspace\8-2-build-windows-amd64-cygwin\jdk8u111\7883\hotspot\src\share\vm\classfile\systemDictionary.cpp, line 210]
Event: 0.237 Thread 0x00000000024e0800 Exception <a 'java/lang/ClassNotFoundException': ToolBarSeparator> (0x00000000d6011880) thrown at [C:\re\workspace\8-2-build-windows-amd64-cygwin\jdk8u111\7883\hotspot\src\share\vm\classfile\systemDictionary.cpp, line 210]
Event: 0.237 Thread 0x00000000024e0800 Exception <a 'java/lang/ClassNotFoundException': ToolTip> (0x00000000d6011fc0) thrown at [C:\re\workspace\8-2-build-windows-amd64-cygwin\jdk8u111\7883\hotspot\src\share\vm\classfile\systemDictionary.cpp, line 210]
Event: 0.238 Thread 0x00000000024e0800 Exception <a 'java/lang/ClassNotFoundException': Tree> (0x00000000d6012be0) thrown at [C:\re\workspace\8-2-build-windows-amd64-cygwin\jdk8u111\7883\hotspot\src\share\vm\classfile\systemDictionary.cpp, line 210]
Event: 0.238 Thread 0x00000000024e0800 Exception <a 'java/lang/ClassNotFoundException': Tree> (0x00000000d6013320) thrown at [C:\re\workspace\8-2-build-windows-amd64-cygwin\jdk8u111\7883\hotspot\src\share\vm\classfile\systemDictionary.cpp, line 210]
Event: 0.238 Thread 0x00000000024e0800 Exception <a 'java/lang/ClassNotFoundException': javax/swing/JTreeCell> (0x00000000d60136a0) thrown at [C:\re\workspace\8-2-build-windows-amd64-cygwin\jdk8u111\7883\hotspot\src\share\vm\classfile\systemDictionary.cpp, line 210]
Event: 0.238 Thread 0x00000000024e0800 Exception <a 'java/lang/ClassNotFoundException': TreeCell> (0x00000000d6013b28) thrown at [C:\re\workspace\8-2-build-windows-amd64-cygwin\jdk8u111\7883\hotspot\src\share\vm\classfile\systemDictionary.cpp, line 210]
Event: 0.238 Thread 0x00000000024e0800 Exception <a 'java/lang/ClassNotFoundException': RootPane> (0x00000000d6014588) thrown at [C:\re\workspace\8-2-build-windows-amd64-cygwin\jdk8u111\7883\hotspot\src\share\vm\classfile\systemDictionary.cpp, line 210]
Event: 1.717 Thread 0x000000001a503000 Exception <a 'java/net/ConnectException': Connection refused: connect> (0x00000000d632a1a0) thrown at [C:\re\workspace\8-2-build-windows-amd64-cygwin\jdk8u111\7883\hotspot\src\share\vm\prims\jni.cpp, line 735]

Events (10 events):
Event: 1.935 loading class java/text/CharacterIterator
Event: 1.935 loading class java/text/CharacterIterator done
Event: 1.935 loading class java/text/AttributedCharacterIterator done
Event: 1.935 loading class java/text/AttributedString$AttributedStringIterator done
Event: 1.938 loading class java/util/concurrent/locks/LockSupport
Event: 1.938 loading class java/util/concurrent/locks/LockSupport done
Event: 3.452 loading class java/util/ArrayList$1
Event: 3.452 loading class java/util/ArrayList$1 done
Event: 4.115 Executing VM operation: EnableBiasedLocking
Event: 4.115 Executing VM operation: EnableBiasedLocking done


Dynamic libraries:
0x00007ff74a7a0000 - 0x00007ff74a7d7000 	C:\Program Files\Java\jdk1.8.0_111\bin\java.exe
0x00007ffb95dd0000 - 0x00007ffb95fbd000 	C:\windows\SYSTEM32\ntdll.dll
0x00007ffb93780000 - 0x00007ffb93833000 	C:\windows\System32\KERNEL32.DLL
0x00007ffb92d50000 - 0x00007ffb92fe5000 	C:\windows\System32\KERNELBASE.dll
0x00007ffb95420000 - 0x00007ffb954c3000 	C:\windows\System32\ADVAPI32.dll
0x00007ffb95a50000 - 0x00007ffb95aee000 	C:\windows\System32\msvcrt.dll
0x00007ffb95d00000 - 0x00007ffb95d9e000 	C:\windows\System32\sechost.dll
0x00007ffb95270000 - 0x00007ffb95392000 	C:\windows\System32\RPCRT4.dll
0x00007ffb93570000 - 0x00007ffb93707000 	C:\windows\System32\USER32.dll
0x00007ffb92260000 - 0x00007ffb92280000 	C:\windows\System32\win32u.dll
0x00007ffb95870000 - 0x00007ffb95899000 	C:\windows\System32\GDI32.dll
0x00007ffb920c0000 - 0x00007ffb9225a000 	C:\windows\System32\gdi32full.dll
0x00007ffb92cb0000 - 0x00007ffb92d50000 	C:\windows\System32\msvcp_win.dll
0x00007ffb91fc0000 - 0x00007ffb920ba000 	C:\windows\System32\ucrtbase.dll
0x00007ffb7a340000 - 0x00007ffb7a5b9000 	C:\windows\WinSxS\amd64_microsoft.windows.common-controls_6595b64144ccf1df_6.0.17763.1282_none_de75b6f253473c0f\COMCTL32.dll
0x00007ffb94f40000 - 0x00007ffb9526c000 	C:\windows\System32\combase.dll
0x00007ffb929d0000 - 0x00007ffb92a4e000 	C:\windows\System32\bcryptPrimitives.dll
0x00007ffb92ff0000 - 0x00007ffb9301e000 	C:\windows\System32\IMM32.DLL
0x000000006f7a0000 - 0x000000006f872000 	C:\Program Files\Java\jdk1.8.0_111\jre\bin\msvcr100.dll
0x000000006f880000 - 0x000000007011a000 	C:\Program Files\Java\jdk1.8.0_111\jre\bin\server\jvm.dll
0x00007ffb93840000 - 0x00007ffb93848000 	C:\windows\System32\PSAPI.DLL
0x00007ffb5ef30000 - 0x00007ffb5ef39000 	C:\windows\SYSTEM32\WSOCK32.dll
0x00007ffb8c580000 - 0x00007ffb8c5a4000 	C:\windows\SYSTEM32\WINMM.dll
0x00007ffb954d0000 - 0x00007ffb9553d000 	C:\windows\System32\WS2_32.dll
0x00007ffb7e340000 - 0x00007ffb7e34a000 	C:\windows\SYSTEM32\VERSION.dll
0x00007ffb8c440000 - 0x00007ffb8c46d000 	C:\windows\SYSTEM32\winmmbase.dll
0x00007ffb91e90000 - 0x00007ffb91eda000 	C:\windows\System32\cfgmgr32.dll
0x0000000070af0000 - 0x0000000070aff000 	C:\Program Files\Java\jdk1.8.0_111\jre\bin\verify.dll
0x00000000709e0000 - 0x0000000070a09000 	C:\Program Files\Java\jdk1.8.0_111\jre\bin\java.dll
0x00000000709c0000 - 0x00000000709d6000 	C:\Program Files\Java\jdk1.8.0_111\jre\bin\zip.dll
0x00007ffb939c0000 - 0x00007ffb94eb8000 	C:\windows\System32\SHELL32.dll
0x00007ffb95540000 - 0x00007ffb955e8000 	C:\windows\System32\shcore.dll
0x00007ffb92280000 - 0x00007ffb929cf000 	C:\windows\System32\windows.storage.dll
0x00007ffb91e60000 - 0x00007ffb91e84000 	C:\windows\System32\profapi.dll
0x00007ffb91e00000 - 0x00007ffb91e5d000 	C:\windows\System32\powrprof.dll
0x00007ffb95af0000 - 0x00007ffb95b42000 	C:\windows\System32\shlwapi.dll
0x00007ffb91dc0000 - 0x00007ffb91dd1000 	C:\windows\System32\kernel.appcore.dll
0x00007ffb92a50000 - 0x00007ffb92a67000 	C:\windows\System32\cryptsp.dll
0x000000006f5c0000 - 0x000000006f758000 	C:\Program Files\Java\jdk1.8.0_111\jre\bin\awt.dll
0x00007ffb93020000 - 0x00007ffb930e4000 	C:\windows\System32\OLEAUT32.dll
0x00007ffb8cb40000 - 0x00007ffb8cbcc000 	C:\windows\SYSTEM32\apphelp.dll
0x00007ffb8cd20000 - 0x00007ffb8cdbc000 	C:\windows\system32\uxtheme.dll
0x00007ffb93850000 - 0x00007ffb939bd000 	C:\windows\System32\MSCTF.dll
0x00007ffb8d060000 - 0x00007ffb8d08e000 	C:\windows\system32\dwmapi.dll
0x00007ffb92ad0000 - 0x00007ffb92cac000 	C:\windows\System32\CRYPT32.dll
0x00007ffb91de0000 - 0x00007ffb91df2000 	C:\windows\System32\MSASN1.dll
0x00007ffb95710000 - 0x00007ffb95865000 	C:\windows\System32\ole32.dll
0x000000006f570000 - 0x000000006f5b7000 	C:\Program Files\Java\jdk1.8.0_111\jre\bin\fontmanager.dll
0x000000006f780000 - 0x000000006f79a000 	C:\Program Files\Java\jdk1.8.0_111\jre\bin\net.dll
0x00007ffb91620000 - 0x00007ffb91687000 	C:\windows\system32\mswsock.dll
0x00007ffb91380000 - 0x00007ffb91447000 	C:\windows\SYSTEM32\DNSAPI.dll
0x00007ffb93710000 - 0x00007ffb93718000 	C:\windows\System32\NSI.dll
0x00007ffb91340000 - 0x00007ffb9137d000 	C:\windows\SYSTEM32\IPHLPAPI.DLL
0x00007ffb88510000 - 0x00007ffb8851a000 	C:\Windows\System32\rasadhlp.dll
0x00007ffb87ec0000 - 0x00007ffb87f39000 	C:\windows\System32\fwpuclnt.dll
0x00007ffb91ee0000 - 0x00007ffb91f06000 	C:\windows\System32\bcrypt.dll
0x000000006f760000 - 0x000000006f771000 	C:\Program Files\Java\jdk1.8.0_111\jre\bin\nio.dll
0x000000006f520000 - 0x000000006f562000 	C:\Program Files\Java\jdk1.8.0_111\jre\bin\t2k.dll
0x00007ffb86bb0000 - 0x00007ffb86c45000 	C:\windows\System32\TextInputFramework.dll
0x00007ffb89ce0000 - 0x00007ffb8a002000 	C:\windows\System32\CoreUIComponents.dll
0x00007ffb8c470000 - 0x00007ffb8c552000 	C:\windows\System32\CoreMessaging.dll
0x00007ffb90df0000 - 0x00007ffb90e21000 	C:\windows\SYSTEM32\ntmarta.dll
0x00007ffb8ad10000 - 0x00007ffb8ae63000 	C:\windows\SYSTEM32\wintypes.dll
0x000000006f4e0000 - 0x000000006f50a000 	C:\Program Files\Java\jdk1.8.0_111\jre\bin\dcpr.dll

VM Arguments:
jvm_args: -Dfile.encoding=UTF-8 
java_command: visao.Cliente
java_class_path (initial): C:\Users\gelat\Desktop\postgresql-42.2.12_1.jar;C:\Users\gelat\Desktop\bike\bike\build\classes
Launcher Type: SUN_STANDARD

Environment Variables:
PATH=C:\Program Files (x86)\Common Files\Oracle\Java\javapath;C:\Program Files (x86)\Intel\Intel(R) Management Engine Components\iCLS\;C:\Program Files\Intel\Intel(R) Management Engine Components\iCLS\;C:\windows\system32;C:\windows;C:\windows\System32\Wbem;C:\windows\System32\WindowsPowerShell\v1.0\;C:\windows\System32\OpenSSH\;C:\Program Files (x86)\Intel\Intel(R) Management Engine Components\DAL;C:\Program Files\Intel\Intel(R) Management Engine Components\DAL;C:\Program Files\Git\cmd;C:\Program Files\nodejs\;C:\Program Files\Microsoft SQL Server\Client SDK\ODBC\130\Tools\Binn\;C:\Program Files (x86)\Microsoft SQL Server\140\Tools\Binn\;C:\Program Files\Microsoft SQL Server\140\Tools\Binn\;C:\Program Files\Microsoft SQL Server\140\DTS\Binn\;C:\Program Files (x86)\Microsoft SQL Server\150\DTS\Binn\;C:\Users\gelat\AppData\Local\Microsoft\WindowsApps;;C:\Users\gelat\AppData\Local\Programs\Microsoft VS Code\bin;C:\Users\gelat\AppData\Roaming\npm
USERNAME=gelat
OS=Windows_NT
PROCESSOR_IDENTIFIER=Intel64 Family 6 Model 142 Stepping 10, GenuineIntel



---------------  S Y S T E M  ---------------

OS: Windows 10.0 , 64 bit Build 17763 (10.0.17763.1158)

CPU:total 8 (4 cores per cpu, 2 threads per core) family 6 model 142 stepping 10, cmov, cx8, fxsr, mmx, sse, sse2, sse3, ssse3, sse4.1, sse4.2, popcnt, avx, avx2, aes, clmul, erms, 3dnowpref, lzcnt, ht, tsc, tscinvbit, bmi1, bmi2, adx

Memory: 4k page, physical 8301176k(1280832k free), swap 8301176k(5324k free)

vm_info: Java HotSpot(TM) 64-Bit Server VM (25.111-b14) for windows-amd64 JRE (1.8.0_111-b14), built on Sep 22 2016 19:24:05 by "java_re" with MS VC++ 10.0 (VS2010)

time: Wed Jun 24 22:12:35 2020
elapsed time: 8 seconds (0d 0h 0m 8s)

